Performing C++ SOURCE FILE Test CMAKE_HAVE_LIBC_PTHREAD failed with the following output:
Change Dir: /home/eldarian/Рабочий стол/pstu/Защита информации/untitled/cmake-build-debug/CMakeFiles/CMakeTmp

Run Build Command(s):/usr/bin/make -f Makefile cmTC_47976/fast && /usr/bin/make  -f CMakeFiles/cmTC_47976.dir/build.make CMakeFiles/cmTC_47976.dir/build
make[1]: Entering directory '/home/eldarian/Рабочий стол/pstu/Защита информации/untitled/cmake-build-debug/CMakeFiles/CMakeTmp'
Building CXX object CMakeFiles/cmTC_47976.dir/src.cxx.o
/usr/bin/c++ -DCMAKE_HAVE_LIBC_PTHREAD  -std=gnu++2a -o CMakeFiles/cmTC_47976.dir/src.cxx.o -c "/home/eldarian/Рабочий стол/pstu/Защита информации/untitled/cmake-build-debug/CMakeFiles/CMakeTmp/src.cxx"
Linking CXX executable cmTC_47976
/opt/clion/bin/cmake/linux/bin/cmake -E cmake_link_script CMakeFiles/cmTC_47976.dir/link.txt --verbose=1
/usr/bin/c++ CMakeFiles/cmTC_47976.dir/src.cxx.o -o cmTC_47976 
/usr/bin/ld: CMakeFiles/cmTC_47976.dir/src.cxx.o: in function `main':
src.cxx:(.text+0x46): undefined reference to `pthread_create'
/usr/bin/ld: src.cxx:(.text+0x52): undefined reference to `pthread_detach'
/usr/bin/ld: src.cxx:(.text+0x5e): undefined reference to `pthread_cancel'
/usr/bin/ld: src.cxx:(.text+0x6f): undefined reference to `pthread_join'
collect2: error: ld returned 1 exit status
make[1]: *** [CMakeFiles/cmTC_47976.dir/build.make:99: cmTC_47976] Error 1
make[1]: Leaving directory '/home/eldarian/Рабочий стол/pstu/Защита информации/untitled/cmake-build-debug/CMakeFiles/CMakeTmp'
make: *** [Makefile:127: cmTC_47976/fast] Error 2


Source file was:
#include <pthread.h>

static void* test_func(void* data)
{
  return data;
}

int main(void)
{
  pthread_t thread;
  pthread_create(&thread, NULL, test_func, NULL);
  pthread_detach(thread);
  pthread_cancel(thread);
  pthread_join(thread, NULL);
  pthread_atfork(NULL, NULL, NULL);
  pthread_exit(NULL);

  return 0;
}

